Flow report for WildFDDX
Fri May 07 06:29:40 2021
Quartus II 64-Bit Version 13.0.1 Build 232 06/12/2013 Service Pack 1 SJ Web Edition


---------------------
; Table of Contents ;
---------------------
  1. Legal Notice
  2. Flow Summary
  3. Flow Settings
  4. Flow Non-Default Global Settings
  5. Flow Elapsed Time
  6. Flow OS Summary
  7. Flow Log
  8. Flow Messages
  9. Flow Suppressed Messages



----------------
; Legal Notice ;
----------------
Copyright (C) 1991-2013 Altera Corporation
Your use of Altera Corporation's design tools, logic functions 
and other software and tools, and its AMPP partner logic 
functions, and any output files from any of the foregoing 
(including device programming or simulation files), and any 
associated documentation or information are expressly subject 
to the terms and conditions of the Altera Program License 
Subscription Agreement, Altera MegaCore Function License 
Agreement, or other applicable license agreement, including, 
without limitation, that your use is for the sole purpose of 
programming logic devices manufactured by Altera and sold by 
Altera or its authorized distributors.  Please refer to the 
applicable agreement for further details.



+-----------------------------------------------------------------------------+
; Flow Summary                                                                ;
+---------------------------+-------------------------------------------------+
; Flow Status               ; Successful - Fri May 07 06:29:40 2021           ;
; Quartus II 64-Bit Version ; 13.0.1 Build 232 06/12/2013 SP 1 SJ Web Edition ;
; Revision Name             ; WildFDDX                                        ;
; Top-level Entity Name     ; WildFDDX                                        ;
; Family                    ; MAX3000A                                        ;
; Device                    ; EPM3064ATC44-10                                 ;
; Timing Models             ; Final                                           ;
; Total macrocells          ; 59 / 64 ( 92 % )                                ;
; Total pins                ; 34 / 34 ( 100 % )                               ;
+---------------------------+-------------------------------------------------+


+-----------------------------------------+
; Flow Settings                           ;
+-------------------+---------------------+
; Option            ; Setting             ;
+-------------------+---------------------+
; Start date & time ; 05/07/2021 06:29:36 ;
; Main task         ; Compilation         ;
; Revision Name     ; WildFDDX            ;
+-------------------+---------------------+


+--------------------------------------------------------------------------------------------------------------------------+
; Flow Non-Default Global Settings                                                                                         ;
+------------------------------------+--------------------------------+---------------+-------------+----------------------+
; Assignment Name                    ; Value                          ; Default Value ; Entity Name ; Section Id           ;
+------------------------------------+--------------------------------+---------------+-------------+----------------------+
; COMPILER_SIGNATURE_ID              ; 49410870170627.162035817601704 ; --            ; --          ; --                   ;
; EDA_DESIGN_ENTRY_SYNTHESIS_TOOL    ; Design Compiler                ; <None>        ; --          ; --                   ;
; EDA_INPUT_DATA_FORMAT              ; Verilog Hdl                    ; --            ; --          ; eda_design_synthesis ;
; EDA_INPUT_VCC_NAME                 ; Vdd                            ; --            ; --          ; eda_design_synthesis ;
; EDA_LMF_FILE                       ; altsyn.lmf                     ; --            ; --          ; eda_design_synthesis ;
; EDA_OUTPUT_DATA_FORMAT             ; Verilog Hdl                    ; --            ; --          ; eda_simulation       ;
; EDA_OUTPUT_DATA_FORMAT             ; Verilog Hdl                    ; --            ; --          ; eda_timing_analysis  ;
; EDA_SIMULATION_TOOL                ; Active-HDL (Verilog)           ; <None>        ; --          ; --                   ;
; EDA_TIME_SCALE                     ; 1 ps                           ; --            ; --          ; eda_simulation       ;
; EDA_TIMING_ANALYSIS_TOOL           ; PrimeTime (Verilog)            ; <None>        ; --          ; --                   ;
; HDL_MESSAGE_LEVEL                  ; Level3                         ; Level2        ; --          ; --                   ;
; MAX7000_OPTIMIZATION_TECHNIQUE     ; Area                           ; Speed         ; --          ; --                   ;
; MAX_CORE_JUNCTION_TEMP             ; 85                             ; --            ; --          ; --                   ;
; MIN_CORE_JUNCTION_TEMP             ; 0                              ; --            ; --          ; --                   ;
; SYNTH_TIMING_DRIVEN_SYNTHESIS      ; Off                            ; --            ; --          ; --                   ;
; USE_GENERATED_PHYSICAL_CONSTRAINTS ; Off                            ; --            ; --          ; eda_blast_fpga       ;
+------------------------------------+--------------------------------+---------------+-------------+----------------------+


+-------------------------------------------------------------------------------------------------------------------------------+
; Flow Elapsed Time                                                                                                             ;
+---------------------------+--------------+-------------------------+---------------------+------------------------------------+
; Module Name               ; Elapsed Time ; Average Processors Used ; Peak Virtual Memory ; Total CPU Time (on all processors) ;
+---------------------------+--------------+-------------------------+---------------------+------------------------------------+
; Analysis & Synthesis      ; 00:00:00     ; 1.0                     ; 417 MB              ; 00:00:00                           ;
; Fitter                    ; 00:00:00     ; 1.0                     ; 524 MB              ; 00:00:00                           ;
; Assembler                 ; 00:00:00     ; 1.0                     ; 382 MB              ; 00:00:00                           ;
; TimeQuest Timing Analyzer ; 00:00:00     ; 1.0                     ; 390 MB              ; 00:00:00                           ;
; EDA Netlist Writer        ; 00:00:00     ; 1.0                     ; 338 MB              ; 00:00:00                           ;
; Total                     ; 00:00:00     ; --                      ; --                  ; 00:00:00                           ;
+---------------------------+--------------+-------------------------+---------------------+------------------------------------+


+----------------------------------------------------------------------------------------+
; Flow OS Summary                                                                        ;
+---------------------------+------------------+-----------+------------+----------------+
; Module Name               ; Machine Hostname ; OS Name   ; OS Version ; Processor type ;
+---------------------------+------------------+-----------+------------+----------------+
; Analysis & Synthesis      ; RobusGAZ         ; Windows 7 ; 6.1        ; x86_64         ;
; Fitter                    ; RobusGAZ         ; Windows 7 ; 6.1        ; x86_64         ;
; Assembler                 ; RobusGAZ         ; Windows 7 ; 6.1        ; x86_64         ;
; TimeQuest Timing Analyzer ; RobusGAZ         ; Windows 7 ; 6.1        ; x86_64         ;
; EDA Netlist Writer        ; RobusGAZ         ; Windows 7 ; 6.1        ; x86_64         ;
+---------------------------+------------------+-----------+------------+----------------+


------------
; Flow Log ;
------------
quartus_map --read_settings_files=on --write_settings_files=off WildFDDX -c WildFDDX
quartus_fit --read_settings_files=off --write_settings_files=off WildFDDX -c WildFDDX
quartus_asm --read_settings_files=off --write_settings_files=off WildFDDX -c WildFDDX
quartus_sta WildFDDX -c WildFDDX
quartus_eda --read_settings_files=off --write_settings_files=off WildFDDX -c WildFDDX



